# JRE version: OpenJDK Runtime Environment Temurin-21.0.10+7 (21.0.10+7) (build 21.0.10+7-LTS)
# Java VM: OpenJDK 64-Bit Server VM Temurin-21.0.10+7 (21.0.10+7-LTS, mixed mode, sharing, tiered, compressed oops, compressed class ptrs, parallel gc, windows-amd64)
GC Precious Log:
 CardTable entry size: 512
 CPUs: 8 total, 8 available
 Memory: 7599M
 Large Page Support: Disabled
 NUMA Support: Disabled
 Compressed Oops: Enabled (32-bit)
 Alignments: Space 512K, Generation 512K, Heap 2M
 Heap Min Capacity: 100M
 Heap Initial Capacity: 100M
 Heap Max Capacity: 2G
 Pre-touch: Disabled
 Parallel Workers: 8
Heap:
 PSYoungGen      total 21504K, used 20961K [0x00000000d5580000, 0x00000000d7100000, 0x0000000100000000)
  eden space 19968K, 97% used [0x00000000d5580000,0x00000000d687e9d8,0x00000000d6900000)
  from space 1536K, 98% used [0x00000000d6900000,0x00000000d6a79d38,0x00000000d6a80000)
  to   space 4096K, 0% used [0x00000000d6d00000,0x00000000d6d00000,0x00000000d7100000)
 ParOldGen       total 68608K, used 63535K [0x0000000080000000, 0x0000000084300000, 0x00000000d5580000)
  object space 68608K, 92% used [0x0000000080000000,0x0000000083e0bc08,0x0000000084300000)
 Metaspace       used 81520K, committed 83072K, reserved 1179648K
  class space    used 9989K, committed 10688K, reserved 1048576K
GC Heap History (20 events):
Event: 77.964 GC heap before
{Heap before GC invocations=53 (full 3):
 PSYoungGen      total 20480K, used 20128K [0x00000000d5580000, 0x00000000d6d80000, 0x0000000100000000)
  eden space 19968K, 100% used [0x00000000d5580000,0x00000000d6900000,0x00000000d6900000)
  from space 512K, 31% used [0x00000000d6c80000,0x00000000d6ca8000,0x00000000d6d00000)
  to   space 512K, 0% used [0x00000000d6d00000,0x00000000d6d00000,0x00000000d6d80000)
 ParOldGen       total 68608K, used 56590K [0x0000000080000000, 0x0000000084300000, 0x00000000d5580000)
  object space 68608K, 82% used [0x0000000080000000,0x0000000083743bd8,0x0000000084300000)
 Metaspace       used 70380K, committed 71808K, reserved 1114112K
  class space    used 8608K, committed 9216K, reserved 1048576K
}
Event: 77.964 GC heap after
{Heap after GC invocations=53 (full 3):
 PSYoungGen      total 20480K, used 499K [0x00000000d5580000, 0x00000000d6d80000, 0x0000000100000000)
  eden space 19968K, 0% used [0x00000000d5580000,0x00000000d5580000,0x00000000d6900000)
  from space 512K, 97% used [0x00000000d6d00000,0x00000000d6d7cd50,0x00000000d6d80000)
  to   space 1024K, 0% used [0x00000000d6b80000,0x00000000d6b80000,0x00000000d6c80000)
 ParOldGen       total 68608K, used 56776K [0x0000000080000000, 0x0000000084300000, 0x00000000d5580000)
  object space 68608K, 82% used [0x0000000080000000,0x0000000083772100,0x0000000084300000)
 Metaspace       used 70380K, committed 71808K, reserved 1114112K
  class space    used 8608K, committed 9216K, reserved 1048576K
}
Event: 78.036 GC heap before
{Heap before GC invocations=54 (full 3):
 PSYoungGen      total 20480K, used 20467K [0x00000000d5580000, 0x00000000d6d80000, 0x0000000100000000)
  eden space 19968K, 100% used [0x00000000d5580000,0x00000000d6900000,0x00000000d6900000)
  from space 512K, 97% used [0x00000000d6d00000,0x00000000d6d7cd50,0x00000000d6d80000)
  to   space 1024K, 0% used [0x00000000d6b80000,0x00000000d6b80000,0x00000000d6c80000)
 ParOldGen       total 68608K, used 56776K [0x0000000080000000, 0x0000000084300000, 0x00000000d5580000)
  object space 68608K, 82% used [0x0000000080000000,0x0000000083772100,0x0000000084300000)
 Metaspace       used 70380K, committed 71808K, reserved 1114112K
  class space    used 8608K, committed 9216K, reserved 1048576K
}
Event: 78.038 GC heap after
{Heap after GC invocations=54 (full 3):
 PSYoungGen      total 20992K, used 1010K [0x00000000d5580000, 0x00000000d6d80000, 0x0000000100000000)
  eden space 19968K, 0% used [0x00000000d5580000,0x00000000d5580000,0x00000000d6900000)
  from space 1024K, 98% used [0x00000000d6b80000,0x00000000d6c7c970,0x00000000d6c80000)
  to   space 1024K, 0% used [0x00000000d6c80000,0x00000000d6c80000,0x00000000d6d80000)
 ParOldGen       total 68608K, used 56896K [0x0000000080000000, 0x0000000084300000, 0x00000000d5580000)
  object space 68608K, 82% used [0x0000000080000000,0x00000000837901f8,0x0000000084300000)
 Metaspace       used 70380K, committed 71808K, reserved 1114112K
  class space    used 8608K, committed 9216K, reserved 1048576K
}
Event: 78.110 GC heap before
{Heap before GC invocations=55 (full 3):
 PSYoungGen      total 20992K, used 20978K [0x00000000d5580000, 0x00000000d6d80000, 0x0000000100000000)
  eden space 19968K, 100% used [0x00000000d5580000,0x00000000d6900000,0x00000000d6900000)
  from space 1024K, 98% used [0x00000000d6b80000,0x00000000d6c7c970,0x00000000d6c80000)
  to   space 1024K, 0% used [0x00000000d6c80000,0x00000000d6c80000,0x00000000d6d80000)
 ParOldGen       total 68608K, used 56896K [0x0000000080000000, 0x0000000084300000, 0x00000000d5580000)
  object space 68608K, 82% used [0x0000000080000000,0x00000000837901f8,0x0000000084300000)
 Metaspace       used 70380K, committed 71808K, reserved 1114112K
  class space    used 8608K, committed 9216K, reserved 1048576K
}
Event: 78.111 GC heap after
{Heap after GC invocations=55 (full 3):
 PSYoungGen      total 20992K, used 1016K [0x00000000d5580000, 0x00000000d6d80000, 0x0000000100000000)
  eden space 19968K, 0% used [0x00000000d5580000,0x00000000d5580000,0x00000000d6900000)
  from space 1024K, 99% used [0x00000000d6c80000,0x00000000d6d7e0f0,0x00000000d6d80000)
  to   space 1536K, 0% used [0x00000000d6a80000,0x00000000d6a80000,0x00000000d6c00000)
 ParOldGen       total 68608K, used 57005K [0x0000000080000000, 0x0000000084300000, 0x00000000d5580000)
  object space 68608K, 83% used [0x0000000080000000,0x00000000837ab4e0,0x0000000084300000)
 Metaspace       used 70380K, committed 71808K, reserved 1114112K
  class space    used 8608K, committed 9216K, reserved 1048576K
}
Event: 78.441 GC heap before
{Heap before GC invocations=56 (full 3):
 PSYoungGen      total 20992K, used 20984K [0x00000000d5580000, 0x00000000d6d80000, 0x0000000100000000)
  eden space 19968K, 100% used [0x00000000d5580000,0x00000000d6900000,0x00000000d6900000)
  from space 1024K, 99% used [0x00000000d6c80000,0x00000000d6d7e0f0,0x00000000d6d80000)
  to   space 1536K, 0% used [0x00000000d6a80000,0x00000000d6a80000,0x00000000d6c00000)
 ParOldGen       total 68608K, used 57005K [0x0000000080000000, 0x0000000084300000, 0x00000000d5580000)
  object space 68608K, 83% used [0x0000000080000000,0x00000000837ab4e0,0x0000000084300000)
 Metaspace       used 71884K, committed 73280K, reserved 1114112K
  class space    used 8804K, committed 9408K, reserved 1048576K
}
Event: 78.444 GC heap after
{Heap after GC invocations=56 (full 3):
 PSYoungGen      total 21504K, used 496K [0x00000000d5580000, 0x00000000d6d00000, 0x0000000100000000)
  eden space 19968K, 0% used [0x00000000d5580000,0x00000000d5580000,0x00000000d6900000)
  from space 1536K, 32% used [0x00000000d6a80000,0x00000000d6afc010,0x00000000d6c00000)
  to   space 1024K, 0% used [0x00000000d6c00000,0x00000000d6c00000,0x00000000d6d00000)
 ParOldGen       total 68608K, used 57029K [0x0000000080000000, 0x0000000084300000, 0x00000000d5580000)
  object space 68608K, 83% used [0x0000000080000000,0x00000000837b14e0,0x0000000084300000)
 Metaspace       used 71884K, committed 73280K, reserved 1114112K
  class space    used 8804K, committed 9408K, reserved 1048576K
}
Event: 86.293 GC heap before
{Heap before GC invocations=57 (full 3):
 PSYoungGen      total 21504K, used 20464K [0x00000000d5580000, 0x00000000d6d00000, 0x0000000100000000)
  eden space 19968K, 100% used [0x00000000d5580000,0x00000000d6900000,0x00000000d6900000)
  from space 1536K, 32% used [0x00000000d6a80000,0x00000000d6afc010,0x00000000d6c00000)
  to   space 1024K, 0% used [0x00000000d6c00000,0x00000000d6c00000,0x00000000d6d00000)
 ParOldGen       total 68608K, used 57029K [0x0000000080000000, 0x0000000084300000, 0x00000000d5580000)
  object space 68608K, 83% used [0x0000000080000000,0x00000000837b14e0,0x0000000084300000)
 Metaspace       used 74435K, committed 75840K, reserved 1179648K
  class space    used 9149K, committed 9792K, reserved 1048576K
}
Event: 86.297 GC heap after
{Heap after GC invocations=57 (full 3):
 PSYoungGen      total 20992K, used 992K [0x00000000d5580000, 0x00000000d6d00000, 0x0000000100000000)
  eden space 19968K, 0% used [0x00000000d5580000,0x00000000d5580000,0x00000000d6900000)
  from space 1024K, 96% used [0x00000000d6c00000,0x00000000d6cf8010,0x00000000d6d00000)
  to   space 1536K, 0% used [0x00000000d6a00000,0x00000000d6a00000,0x00000000d6b80000)
 ParOldGen       total 68608K, used 57389K [0x0000000080000000, 0x0000000084300000, 0x00000000d5580000)
  object space 68608K, 83% used [0x0000000080000000,0x000000008380b500,0x0000000084300000)
 Metaspace       used 74435K, committed 75840K, reserved 1179648K
  class space    used 9149K, committed 9792K, reserved 1048576K
}
Event: 91.591 GC heap before
{Heap before GC invocations=58 (full 3):
 PSYoungGen      total 20992K, used 20960K [0x00000000d5580000, 0x00000000d6d00000, 0x0000000100000000)
  eden space 19968K, 100% used [0x00000000d5580000,0x00000000d6900000,0x00000000d6900000)
  from space 1024K, 96% used [0x00000000d6c00000,0x00000000d6cf8010,0x00000000d6d00000)
  to   space 1536K, 0% used [0x00000000d6a00000,0x00000000d6a00000,0x00000000d6b80000)
 ParOldGen       total 68608K, used 57389K [0x0000000080000000, 0x0000000084300000, 0x00000000d5580000)
  object space 68608K, 83% used [0x0000000080000000,0x000000008380b500,0x0000000084300000)
 Metaspace       used 74771K, committed 76224K, reserved 1179648K
  class space    used 9167K, committed 9792K, reserved 1048576K
}
Event: 91.593 GC heap after
{Heap after GC invocations=58 (full 3):
 PSYoungGen      total 21504K, used 288K [0x00000000d5580000, 0x00000000d6c80000, 0x0000000100000000)
  eden space 19968K, 0% used [0x00000000d5580000,0x00000000d5580000,0x00000000d6900000)
  from space 1536K, 18% used [0x00000000d6a00000,0x00000000d6a48010,0x00000000d6b80000)
  to   space 1024K, 0% used [0x00000000d6b80000,0x00000000d6b80000,0x00000000d6c80000)
 ParOldGen       total 68608K, used 58248K [0x0000000080000000, 0x0000000084300000, 0x00000000d5580000)
  object space 68608K, 84% used [0x0000000080000000,0x00000000838e20c0,0x0000000084300000)
 Metaspace       used 74771K, committed 76224K, reserved 1179648K
  class space    used 9167K, committed 9792K, reserved 1048576K
}
Event: 91.935 GC heap before
{Heap before GC invocations=59 (full 3):
 PSYoungGen      total 21504K, used 20255K [0x00000000d5580000, 0x00000000d6c80000, 0x0000000100000000)
  eden space 19968K, 99% used [0x00000000d5580000,0x00000000d68fffd0,0x00000000d6900000)
  from space 1536K, 18% used [0x00000000d6a00000,0x00000000d6a48010,0x00000000d6b80000)
  to   space 1024K, 0% used [0x00000000d6b80000,0x00000000d6b80000,0x00000000d6c80000)
 ParOldGen       total 68608K, used 58248K [0x0000000080000000, 0x0000000084300000, 0x00000000d5580000)
  object space 68608K, 84% used [0x0000000080000000,0x00000000838e20c0,0x0000000084300000)
 Metaspace       used 76166K, committed 77632K, reserved 1179648K
  class space    used 9329K, committed 9984K, reserved 1048576K
}
Event: 91.937 GC heap after
{Heap after GC invocations=59 (full 3):
 PSYoungGen      total 20992K, used 1006K [0x00000000d5580000, 0x00000000d6e00000, 0x0000000100000000)
  eden space 19968K, 0% used [0x00000000d5580000,0x00000000d5580000,0x00000000d6900000)
  from space 1024K, 98% used [0x00000000d6b80000,0x00000000d6c7b8a8,0x00000000d6c80000)
  to   space 2560K, 0% used [0x00000000d6900000,0x00000000d6900000,0x00000000d6b80000)
 ParOldGen       total 68608K, used 59330K [0x0000000080000000, 0x0000000084300000, 0x00000000d5580000)
  object space 68608K, 86% used [0x0000000080000000,0x00000000839f0be8,0x0000000084300000)
 Metaspace       used 76166K, committed 77632K, reserved 1179648K
  class space    used 9329K, committed 9984K, reserved 1048576K
}
Event: 92.222 GC heap before
{Heap before GC invocations=60 (full 3):
 PSYoungGen      total 20992K, used 20974K [0x00000000d5580000, 0x00000000d6e00000, 0x0000000100000000)
  eden space 19968K, 100% used [0x00000000d5580000,0x00000000d6900000,0x00000000d6900000)
  from space 1024K, 98% used [0x00000000d6b80000,0x00000000d6c7b8a8,0x00000000d6c80000)
  to   space 2560K, 0% used [0x00000000d6900000,0x00000000d6900000,0x00000000d6b80000)
 ParOldGen       total 68608K, used 59330K [0x0000000080000000, 0x0000000084300000, 0x00000000d5580000)
  object space 68608K, 86% used [0x0000000080000000,0x00000000839f0be8,0x0000000084300000)
 Metaspace       used 78188K, committed 79744K, reserved 1179648K
  class space    used 9563K, committed 10240K, reserved 1048576K
}
Event: 92.226 GC heap after
{Heap after GC invocations=60 (full 3):
 PSYoungGen      total 21504K, used 1500K [0x00000000d5580000, 0x00000000d6d00000, 0x0000000100000000)
  eden space 19968K, 0% used [0x00000000d5580000,0x00000000d5580000,0x00000000d6900000)
  from space 1536K, 97% used [0x00000000d6900000,0x00000000d6a77368,0x00000000d6a80000)
  to   space 2048K, 0% used [0x00000000d6b00000,0x00000000d6b00000,0x00000000d6d00000)
 ParOldGen       total 68608K, used 60296K [0x0000000080000000, 0x0000000084300000, 0x00000000d5580000)
  object space 68608K, 87% used [0x0000000080000000,0x0000000083ae2050,0x0000000084300000)
 Metaspace       used 78188K, committed 79744K, reserved 1179648K
  class space    used 9563K, committed 10240K, reserved 1048576K
}
Event: 95.260 GC heap before
{Heap before GC invocations=61 (full 3):
 PSYoungGen      total 21504K, used 21468K [0x00000000d5580000, 0x00000000d6d00000, 0x0000000100000000)
  eden space 19968K, 100% used [0x00000000d5580000,0x00000000d6900000,0x00000000d6900000)
  from space 1536K, 97% used [0x00000000d6900000,0x00000000d6a77368,0x00000000d6a80000)
  to   space 2048K, 0% used [0x00000000d6b00000,0x00000000d6b00000,0x00000000d6d00000)
 ParOldGen       total 68608K, used 60296K [0x0000000080000000, 0x0000000084300000, 0x00000000d5580000)
  object space 68608K, 87% used [0x0000000080000000,0x0000000083ae2050,0x0000000084300000)
 Metaspace       used 79931K, committed 81472K, reserved 1179648K
  class space    used 9794K, committed 10496K, reserved 1048576K
}
Event: 95.263 GC heap after
{Heap after GC invocations=61 (full 3):
 PSYoungGen      total 20992K, used 912K [0x00000000d5580000, 0x00000000d6c00000, 0x0000000100000000)
  eden space 19968K, 0% used [0x00000000d5580000,0x00000000d5580000,0x00000000d6900000)
  from space 1024K, 89% used [0x00000000d6b00000,0x00000000d6be4010,0x00000000d6c00000)
  to   space 1536K, 0% used [0x00000000d6900000,0x00000000d6900000,0x00000000d6a80000)
 ParOldGen       total 68608K, used 61658K [0x0000000080000000, 0x0000000084300000, 0x00000000d5580000)
  object space 68608K, 89% used [0x0000000080000000,0x0000000083c36b88,0x0000000084300000)
 Metaspace       used 79931K, committed 81472K, reserved 1179648K
  class space    used 9794K, committed 10496K, reserved 1048576K
}
Event: 95.598 GC heap before
{Heap before GC invocations=62 (full 3):
 PSYoungGen      total 20992K, used 20880K [0x00000000d5580000, 0x00000000d6c00000, 0x0000000100000000)
  eden space 19968K, 100% used [0x00000000d5580000,0x00000000d6900000,0x00000000d6900000)
  from space 1024K, 89% used [0x00000000d6b00000,0x00000000d6be4010,0x00000000d6c00000)
  to   space 1536K, 0% used [0x00000000d6900000,0x00000000d6900000,0x00000000d6a80000)
 ParOldGen       total 68608K, used 61658K [0x0000000080000000, 0x0000000084300000, 0x00000000d5580000)
  object space 68608K, 89% used [0x0000000080000000,0x0000000083c36b88,0x0000000084300000)
 Metaspace       used 80926K, committed 82496K, reserved 1179648K
  class space    used 9920K, committed 10624K, reserved 1048576K
}
Event: 95.603 GC heap after
{Heap after GC invocations=62 (full 3):
 PSYoungGen      total 21504K, used 1511K [0x00000000d5580000, 0x00000000d7100000, 0x0000000100000000)
  eden space 19968K, 0% used [0x00000000d5580000,0x00000000d5580000,0x00000000d6900000)
  from space 1536K, 98% used [0x00000000d6900000,0x00000000d6a79d38,0x00000000d6a80000)
  to   space 4096K, 0% used [0x00000000d6d00000,0x00000000d6d00000,0x00000000d7100000)
 ParOldGen       total 68608K, used 63535K [0x0000000080000000, 0x0000000084300000, 0x00000000d5580000)
  object space 68608K, 92% used [0x0000000080000000,0x0000000083e0bc08,0x0000000084300000)
 Metaspace       used 80926K, committed 82496K, reserved 1179648K
  class space    used 9920K, committed 10624K, reserved 1048576K
}

