# JRE version: OpenJDK Runtime Environment Temurin-21.0.10+7 (21.0.10+7) (build 21.0.10+7-LTS)
# Java VM: OpenJDK 64-Bit Server VM Temurin-21.0.10+7 (21.0.10+7-LTS, mixed mode, sharing, tiered, compressed oops, compressed class ptrs, parallel gc, windows-amd64)
GC Precious Log:
 CardTable entry size: 512
 CPUs: 8 total, 8 available
 Memory: 7599M
 Large Page Support: Disabled
 NUMA Support: Disabled
 Compressed Oops: Enabled (32-bit)
 Alignments: Space 512K, Generation 512K, Heap 2M
 Heap Min Capacity: 100M
 Heap Initial Capacity: 100M
 Heap Max Capacity: 2G
 Pre-touch: Disabled
 Parallel Workers: 8
Heap:
 PSYoungGen      total 2560K, used 2173K [0x00000000d5580000, 0x00000000d5a80000, 0x0000000100000000)
  eden space 2048K, 98% used [0x00000000d5580000,0x00000000d5777550,0x00000000d5780000)
  from space 512K, 31% used [0x00000000d5a00000,0x00000000d5a28000,0x00000000d5a80000)
  to   space 1024K, 0% used [0x00000000d5880000,0x00000000d5880000,0x00000000d5980000)
 ParOldGen       total 428544K, used 234173K [0x0000000080000000, 0x000000009a280000, 0x00000000d5580000)
  object space 428544K, 54% used [0x0000000080000000,0x000000008e4af488,0x000000009a280000)
 Metaspace       used 82628K, committed 84224K, reserved 1179648K
  class space    used 10072K, committed 10816K, reserved 1048576K
GC Heap History (20 events):
Event: 141.496 GC heap before
{Heap before GC invocations=654 (full 3):
 PSYoungGen      total 4608K, used 4137K [0x00000000d5580000, 0x00000000d5b80000, 0x0000000100000000)
  eden space 3072K, 99% used [0x00000000d5580000,0x00000000d587ffd8,0x00000000d5880000)
  from space 1536K, 69% used [0x00000000d5a00000,0x00000000d5b0a6c0,0x00000000d5b80000)
  to   space 1536K, 0% used [0x00000000d5880000,0x00000000d5880000,0x00000000d5a00000)
 ParOldGen       total 428544K, used 229374K [0x0000000080000000, 0x000000009a280000, 0x00000000d5580000)
  object space 428544K, 53% used [0x0000000080000000,0x000000008dfffb10,0x000000009a280000)
 Metaspace       used 80112K, committed 81664K, reserved 1179648K
  class space    used 9817K, committed 10560K, reserved 1048576K
}
Event: 141.498 GC heap after
{Heap after GC invocations=654 (full 3):
 PSYoungGen      total 4608K, used 886K [0x00000000d5580000, 0x00000000d5b80000, 0x0000000100000000)
  eden space 3072K, 0% used [0x00000000d5580000,0x00000000d5580000,0x00000000d5880000)
  from space 1536K, 57% used [0x00000000d5880000,0x00000000d595d9c0,0x00000000d5a00000)
  to   space 1024K, 0% used [0x00000000d5a80000,0x00000000d5a80000,0x00000000d5b80000)
 ParOldGen       total 428544K, used 229398K [0x0000000080000000, 0x000000009a280000, 0x00000000d5580000)
  object space 428544K, 53% used [0x0000000080000000,0x000000008e005b10,0x000000009a280000)
 Metaspace       used 80112K, committed 81664K, reserved 1179648K
  class space    used 9817K, committed 10560K, reserved 1048576K
}
Event: 141.504 GC heap before
{Heap before GC invocations=655 (full 3):
 PSYoungGen      total 4608K, used 3958K [0x00000000d5580000, 0x00000000d5b80000, 0x0000000100000000)
  eden space 3072K, 100% used [0x00000000d5580000,0x00000000d5880000,0x00000000d5880000)
  from space 1536K, 57% used [0x00000000d5880000,0x00000000d595d9c0,0x00000000d5a00000)
  to   space 1024K, 0% used [0x00000000d5a80000,0x00000000d5a80000,0x00000000d5b80000)
 ParOldGen       total 428544K, used 229398K [0x0000000080000000, 0x000000009a280000, 0x00000000d5580000)
  object space 428544K, 53% used [0x0000000080000000,0x000000008e005b10,0x000000009a280000)
 Metaspace       used 80114K, committed 81664K, reserved 1179648K
  class space    used 9817K, committed 10560K, reserved 1048576K
}
Event: 141.505 GC heap after
{Heap after GC invocations=655 (full 3):
 PSYoungGen      total 4096K, used 841K [0x00000000d5580000, 0x00000000d5b80000, 0x0000000100000000)
  eden space 3072K, 0% used [0x00000000d5580000,0x00000000d5580000,0x00000000d5880000)
  from space 1024K, 82% used [0x00000000d5a80000,0x00000000d5b52700,0x00000000d5b80000)
  to   space 1024K, 0% used [0x00000000d5980000,0x00000000d5980000,0x00000000d5a80000)
 ParOldGen       total 428544K, used 229398K [0x0000000080000000, 0x000000009a280000, 0x00000000d5580000)
  object space 428544K, 53% used [0x0000000080000000,0x000000008e005b10,0x000000009a280000)
 Metaspace       used 80114K, committed 81664K, reserved 1179648K
  class space    used 9817K, committed 10560K, reserved 1048576K
}
Event: 141.510 GC heap before
{Heap before GC invocations=656 (full 3):
 PSYoungGen      total 4096K, used 3839K [0x00000000d5580000, 0x00000000d5b80000, 0x0000000100000000)
  eden space 3072K, 97% used [0x00000000d5580000,0x00000000d586d530,0x00000000d5880000)
  from space 1024K, 82% used [0x00000000d5a80000,0x00000000d5b52700,0x00000000d5b80000)
  to   space 1024K, 0% used [0x00000000d5980000,0x00000000d5980000,0x00000000d5a80000)
 ParOldGen       total 428544K, used 229398K [0x0000000080000000, 0x000000009a280000, 0x00000000d5580000)
  object space 428544K, 53% used [0x0000000080000000,0x000000008e005b10,0x000000009a280000)
 Metaspace       used 80114K, committed 81664K, reserved 1179648K
  class space    used 9817K, committed 10560K, reserved 1048576K
}
Event: 141.512 GC heap after
{Heap after GC invocations=656 (full 3):
 PSYoungGen      total 5120K, used 996K [0x00000000d5580000, 0x00000000d5c80000, 0x0000000100000000)
  eden space 4096K, 0% used [0x00000000d5580000,0x00000000d5580000,0x00000000d5980000)
  from space 1024K, 97% used [0x00000000d5980000,0x00000000d5a790c8,0x00000000d5a80000)
  to   space 1536K, 0% used [0x00000000d5b00000,0x00000000d5b00000,0x00000000d5c80000)
 ParOldGen       total 428544K, used 229478K [0x0000000080000000, 0x000000009a280000, 0x00000000d5580000)
  object space 428544K, 53% used [0x0000000080000000,0x000000008e019b10,0x000000009a280000)
 Metaspace       used 80114K, committed 81664K, reserved 1179648K
  class space    used 9817K, committed 10560K, reserved 1048576K
}
Event: 141.521 GC heap before
{Heap before GC invocations=657 (full 3):
 PSYoungGen      total 5120K, used 5092K [0x00000000d5580000, 0x00000000d5c80000, 0x0000000100000000)
  eden space 4096K, 100% used [0x00000000d5580000,0x00000000d5980000,0x00000000d5980000)
  from space 1024K, 97% used [0x00000000d5980000,0x00000000d5a790c8,0x00000000d5a80000)
  to   space 1536K, 0% used [0x00000000d5b00000,0x00000000d5b00000,0x00000000d5c80000)
 ParOldGen       total 428544K, used 229478K [0x0000000080000000, 0x000000009a280000, 0x00000000d5580000)
  object space 428544K, 53% used [0x0000000080000000,0x000000008e019b10,0x000000009a280000)
 Metaspace       used 80116K, committed 81664K, reserved 1179648K
  class space    used 9817K, committed 10560K, reserved 1048576K
}
Event: 141.523 GC heap after
{Heap after GC invocations=657 (full 3):
 PSYoungGen      total 5632K, used 1087K [0x00000000d5580000, 0x00000000d5c80000, 0x0000000100000000)
  eden space 4096K, 0% used [0x00000000d5580000,0x00000000d5580000,0x00000000d5980000)
  from space 1536K, 70% used [0x00000000d5b00000,0x00000000d5c0fd90,0x00000000d5c80000)
  to   space 1536K, 0% used [0x00000000d5980000,0x00000000d5980000,0x00000000d5b00000)
 ParOldGen       total 428544K, used 229582K [0x0000000080000000, 0x000000009a280000, 0x00000000d5580000)
  object space 428544K, 53% used [0x0000000080000000,0x000000008e033b10,0x000000009a280000)
 Metaspace       used 80116K, committed 81664K, reserved 1179648K
  class space    used 9817K, committed 10560K, reserved 1048576K
}
Event: 141.557 GC heap before
{Heap before GC invocations=658 (full 3):
 PSYoungGen      total 5632K, used 5183K [0x00000000d5580000, 0x00000000d5c80000, 0x0000000100000000)
  eden space 4096K, 100% used [0x00000000d5580000,0x00000000d5980000,0x00000000d5980000)
  from space 1536K, 70% used [0x00000000d5b00000,0x00000000d5c0fd90,0x00000000d5c80000)
  to   space 1536K, 0% used [0x00000000d5980000,0x00000000d5980000,0x00000000d5b00000)
 ParOldGen       total 428544K, used 229582K [0x0000000080000000, 0x000000009a280000, 0x00000000d5580000)
  object space 428544K, 53% used [0x0000000080000000,0x000000008e033b10,0x000000009a280000)
 Metaspace       used 80526K, committed 82048K, reserved 1179648K
  class space    used 9848K, committed 10560K, reserved 1048576K
}
Event: 141.559 GC heap after
{Heap after GC invocations=658 (full 3):
 PSYoungGen      total 4608K, used 224K [0x00000000d5580000, 0x00000000d5b80000, 0x0000000100000000)
  eden space 4096K, 0% used [0x00000000d5580000,0x00000000d5580000,0x00000000d5980000)
  from space 512K, 43% used [0x00000000d5980000,0x00000000d59b8000,0x00000000d5a00000)
  to   space 1024K, 0% used [0x00000000d5a80000,0x00000000d5a80000,0x00000000d5b80000)
 ParOldGen       total 428544K, used 229590K [0x0000000080000000, 0x000000009a280000, 0x00000000d5580000)
  object space 428544K, 53% used [0x0000000080000000,0x000000008e035b10,0x000000009a280000)
 Metaspace       used 80526K, committed 82048K, reserved 1179648K
  class space    used 9848K, committed 10560K, reserved 1048576K
}
Event: 141.619 GC heap before
{Heap before GC invocations=659 (full 3):
 PSYoungGen      total 4608K, used 4320K [0x00000000d5580000, 0x00000000d5b80000, 0x0000000100000000)
  eden space 4096K, 100% used [0x00000000d5580000,0x00000000d5980000,0x00000000d5980000)
  from space 512K, 43% used [0x00000000d5980000,0x00000000d59b8000,0x00000000d5a00000)
  to   space 1024K, 0% used [0x00000000d5a80000,0x00000000d5a80000,0x00000000d5b80000)
 ParOldGen       total 428544K, used 229590K [0x0000000080000000, 0x000000009a280000, 0x00000000d5580000)
  object space 428544K, 53% used [0x0000000080000000,0x000000008e035b10,0x000000009a280000)
 Metaspace       used 81246K, committed 82752K, reserved 1179648K
  class space    used 9918K, committed 10624K, reserved 1048576K
}
Event: 141.621 GC heap after
{Heap after GC invocations=659 (full 3):
 PSYoungGen      total 4608K, used 288K [0x00000000d5580000, 0x00000000d5b00000, 0x0000000100000000)
  eden space 4096K, 0% used [0x00000000d5580000,0x00000000d5580000,0x00000000d5980000)
  from space 512K, 56% used [0x00000000d5a80000,0x00000000d5ac8000,0x00000000d5b00000)
  to   space 512K, 0% used [0x00000000d5980000,0x00000000d5980000,0x00000000d5a00000)
 ParOldGen       total 428544K, used 229622K [0x0000000080000000, 0x000000009a280000, 0x00000000d5580000)
  object space 428544K, 53% used [0x0000000080000000,0x000000008e03db10,0x000000009a280000)
 Metaspace       used 81246K, committed 82752K, reserved 1179648K
  class space    used 9918K, committed 10624K, reserved 1048576K
}
Event: 142.012 GC heap before
{Heap before GC invocations=660 (full 3):
 PSYoungGen      total 4608K, used 4384K [0x00000000d5580000, 0x00000000d5b00000, 0x0000000100000000)
  eden space 4096K, 100% used [0x00000000d5580000,0x00000000d5980000,0x00000000d5980000)
  from space 512K, 56% used [0x00000000d5a80000,0x00000000d5ac8000,0x00000000d5b00000)
  to   space 512K, 0% used [0x00000000d5980000,0x00000000d5980000,0x00000000d5a00000)
 ParOldGen       total 428544K, used 229622K [0x0000000080000000, 0x000000009a280000, 0x00000000d5580000)
  object space 428544K, 53% used [0x0000000080000000,0x000000008e03db10,0x000000009a280000)
 Metaspace       used 81840K, committed 83392K, reserved 1179648K
  class space    used 9975K, committed 10688K, reserved 1048576K
}
Event: 142.019 GC heap after
{Heap after GC invocations=660 (full 3):
 PSYoungGen      total 4608K, used 416K [0x00000000d5580000, 0x00000000d5b00000, 0x0000000100000000)
  eden space 4096K, 0% used [0x00000000d5580000,0x00000000d5580000,0x00000000d5980000)
  from space 512K, 81% used [0x00000000d5980000,0x00000000d59e8000,0x00000000d5a00000)
  to   space 512K, 0% used [0x00000000d5a80000,0x00000000d5a80000,0x00000000d5b00000)
 ParOldGen       total 428544K, used 229734K [0x0000000080000000, 0x000000009a280000, 0x00000000d5580000)
  object space 428544K, 53% used [0x0000000080000000,0x000000008e059b10,0x000000009a280000)
 Metaspace       used 81840K, committed 83392K, reserved 1179648K
  class space    used 9975K, committed 10688K, reserved 1048576K
}
Event: 142.201 GC heap before
{Heap before GC invocations=661 (full 3):
 PSYoungGen      total 4608K, used 4512K [0x00000000d5580000, 0x00000000d5b00000, 0x0000000100000000)
  eden space 4096K, 100% used [0x00000000d5580000,0x00000000d5980000,0x00000000d5980000)
  from space 512K, 81% used [0x00000000d5980000,0x00000000d59e8000,0x00000000d5a00000)
  to   space 512K, 0% used [0x00000000d5a80000,0x00000000d5a80000,0x00000000d5b00000)
 ParOldGen       total 428544K, used 229734K [0x0000000080000000, 0x000000009a280000, 0x00000000d5580000)
  object space 428544K, 53% used [0x0000000080000000,0x000000008e059b10,0x000000009a280000)
 Metaspace       used 82085K, committed 83712K, reserved 1179648K
  class space    used 10001K, committed 10752K, reserved 1048576K
}
Event: 142.206 GC heap after
{Heap after GC invocations=661 (full 3):
 PSYoungGen      total 2560K, used 508K [0x00000000d5580000, 0x00000000d5f80000, 0x0000000100000000)
  eden space 2048K, 0% used [0x00000000d5580000,0x00000000d5580000,0x00000000d5780000)
  from space 512K, 99% used [0x00000000d5a80000,0x00000000d5aff2d8,0x00000000d5b00000)
  to   space 3072K, 0% used [0x00000000d5780000,0x00000000d5780000,0x00000000d5a80000)
 ParOldGen       total 428544K, used 231806K [0x0000000080000000, 0x000000009a280000, 0x00000000d5580000)
  object space 428544K, 54% used [0x0000000080000000,0x000000008e25f8d8,0x000000009a280000)
 Metaspace       used 82085K, committed 83712K, reserved 1179648K
  class space    used 10001K, committed 10752K, reserved 1048576K
}
Event: 142.216 GC heap before
{Heap before GC invocations=662 (full 3):
 PSYoungGen      total 2560K, used 2556K [0x00000000d5580000, 0x00000000d5f80000, 0x0000000100000000)
  eden space 2048K, 100% used [0x00000000d5580000,0x00000000d5780000,0x00000000d5780000)
  from space 512K, 99% used [0x00000000d5a80000,0x00000000d5aff2d8,0x00000000d5b00000)
  to   space 3072K, 0% used [0x00000000d5780000,0x00000000d5780000,0x00000000d5a80000)
 ParOldGen       total 428544K, used 231806K [0x0000000080000000, 0x000000009a280000, 0x00000000d5580000)
  object space 428544K, 54% used [0x0000000080000000,0x000000008e25f8d8,0x000000009a280000)
 Metaspace       used 82137K, committed 83776K, reserved 1179648K
  class space    used 10007K, committed 10752K, reserved 1048576K
}
Event: 142.219 GC heap after
{Heap after GC invocations=662 (full 3):
 PSYoungGen      total 4096K, used 1824K [0x00000000d5580000, 0x00000000d5c80000, 0x0000000100000000)
  eden space 2048K, 0% used [0x00000000d5580000,0x00000000d5580000,0x00000000d5780000)
  from space 2048K, 89% used [0x00000000d5780000,0x00000000d5948000,0x00000000d5980000)
  to   space 2560K, 0% used [0x00000000d5a00000,0x00000000d5a00000,0x00000000d5c80000)
 ParOldGen       total 428544K, used 232397K [0x0000000080000000, 0x000000009a280000, 0x00000000d5580000)
  object space 428544K, 54% used [0x0000000080000000,0x000000008e2f3488,0x000000009a280000)
 Metaspace       used 82137K, committed 83776K, reserved 1179648K
  class space    used 10007K, committed 10752K, reserved 1048576K
}
Event: 142.265 GC heap before
{Heap before GC invocations=663 (full 3):
 PSYoungGen      total 4096K, used 3871K [0x00000000d5580000, 0x00000000d5c80000, 0x0000000100000000)
  eden space 2048K, 99% used [0x00000000d5580000,0x00000000d577ffe8,0x00000000d5780000)
  from space 2048K, 89% used [0x00000000d5780000,0x00000000d5948000,0x00000000d5980000)
  to   space 2560K, 0% used [0x00000000d5a00000,0x00000000d5a00000,0x00000000d5c80000)
 ParOldGen       total 428544K, used 232397K [0x0000000080000000, 0x000000009a280000, 0x00000000d5580000)
  object space 428544K, 54% used [0x0000000080000000,0x000000008e2f3488,0x000000009a280000)
 Metaspace       used 82390K, committed 83968K, reserved 1179648K
  class space    used 10036K, committed 10752K, reserved 1048576K
}
Event: 142.270 GC heap after
{Heap after GC invocations=663 (full 3):
 PSYoungGen      total 2560K, used 160K [0x00000000d5580000, 0x00000000d5a80000, 0x0000000100000000)
  eden space 2048K, 0% used [0x00000000d5580000,0x00000000d5580000,0x00000000d5780000)
  from space 512K, 31% used [0x00000000d5a00000,0x00000000d5a28000,0x00000000d5a80000)
  to   space 1024K, 0% used [0x00000000d5880000,0x00000000d5880000,0x00000000d5980000)
 ParOldGen       total 428544K, used 234173K [0x0000000080000000, 0x000000009a280000, 0x00000000d5580000)
  object space 428544K, 54% used [0x0000000080000000,0x000000008e4af488,0x000000009a280000)
 Metaspace       used 82390K, committed 83968K, reserved 1179648K
  class space    used 10036K, committed 10752K, reserved 1048576K
}

