# JRE version: OpenJDK Runtime Environment Temurin-21.0.10+7 (21.0.10+7) (build 21.0.10+7-LTS)
# Java VM: OpenJDK 64-Bit Server VM Temurin-21.0.10+7 (21.0.10+7-LTS, mixed mode, sharing, tiered, compressed oops, compressed class ptrs, parallel gc, windows-amd64)
GC Precious Log:
 CardTable entry size: 512
 CPUs: 8 total, 8 available
 Memory: 7599M
 Large Page Support: Disabled
 NUMA Support: Disabled
 Compressed Oops: Enabled (32-bit)
 Alignments: Space 512K, Generation 512K, Heap 2M
 Heap Min Capacity: 100M
 Heap Initial Capacity: 100M
 Heap Max Capacity: 2G
 Pre-touch: Disabled
 Parallel Workers: 8
Heap:
 PSYoungGen      total 11264K, used 7626K [0x00000000d5580000, 0x00000000d6180000, 0x0000000100000000)
  eden space 10240K, 68% used [0x00000000d5580000,0x00000000d5c5eb78,0x00000000d5f80000)
  from space 1024K, 57% used [0x00000000d6080000,0x00000000d6114050,0x00000000d6180000)
  to   space 1024K, 0% used [0x00000000d5f80000,0x00000000d5f80000,0x00000000d6080000)
 ParOldGen       total 68608K, used 46050K [0x0000000080000000, 0x0000000084300000, 0x00000000d5580000)
  object space 68608K, 67% used [0x0000000080000000,0x0000000082cf89f0,0x0000000084300000)
 Metaspace       used 66237K, committed 67520K, reserved 1114112K
  class space    used 7009K, committed 7552K, reserved 1048576K
GC Heap History (20 events):
Event: 4265.084 GC heap before
{Heap before GC invocations=58 (full 3):
 PSYoungGen      total 11264K, used 10811K [0x00000000d5580000, 0x00000000d6200000, 0x0000000100000000)
  eden space 10240K, 98% used [0x00000000d5580000,0x00000000d5f56618,0x00000000d5f80000)
  from space 1024K, 72% used [0x00000000d6100000,0x00000000d61b8950,0x00000000d6200000)
  to   space 1024K, 0% used [0x00000000d6000000,0x00000000d6000000,0x00000000d6100000)
 ParOldGen       total 68608K, used 42785K [0x0000000080000000, 0x0000000084300000, 0x00000000d5580000)
  object space 68608K, 62% used [0x0000000080000000,0x00000000829c87b8,0x0000000084300000)
 Metaspace       used 60696K, committed 61824K, reserved 1114112K
  class space    used 6575K, committed 7040K, reserved 1048576K
}
Event: 4265.085 GC heap after
{Heap after GC invocations=58 (full 3):
 PSYoungGen      total 11264K, used 1000K [0x00000000d5580000, 0x00000000d6280000, 0x0000000100000000)
  eden space 10240K, 0% used [0x00000000d5580000,0x00000000d5580000,0x00000000d5f80000)
  from space 1024K, 97% used [0x00000000d6000000,0x00000000d60fa140,0x00000000d6100000)
  to   space 1536K, 0% used [0x00000000d6100000,0x00000000d6100000,0x00000000d6280000)
 ParOldGen       total 68608K, used 42969K [0x0000000080000000, 0x0000000084300000, 0x00000000d5580000)
  object space 68608K, 62% used [0x0000000080000000,0x00000000829f67b8,0x0000000084300000)
 Metaspace       used 60696K, committed 61824K, reserved 1114112K
  class space    used 6575K, committed 7040K, reserved 1048576K
}
Event: 4265.321 GC heap before
{Heap before GC invocations=59 (full 3):
 PSYoungGen      total 11264K, used 10625K [0x00000000d5580000, 0x00000000d6280000, 0x0000000100000000)
  eden space 10240K, 93% used [0x00000000d5580000,0x00000000d5ee62d0,0x00000000d5f80000)
  from space 1024K, 97% used [0x00000000d6000000,0x00000000d60fa140,0x00000000d6100000)
  to   space 1536K, 0% used [0x00000000d6100000,0x00000000d6100000,0x00000000d6280000)
 ParOldGen       total 68608K, used 42969K [0x0000000080000000, 0x0000000084300000, 0x00000000d5580000)
  object space 68608K, 62% used [0x0000000080000000,0x00000000829f67b8,0x0000000084300000)
 Metaspace       used 61962K, committed 63104K, reserved 1114112K
  class space    used 6692K, committed 7168K, reserved 1048576K
}
Event: 4265.323 GC heap after
{Heap after GC invocations=59 (full 3):
 PSYoungGen      total 11776K, used 1037K [0x00000000d5580000, 0x00000000d6280000, 0x0000000100000000)
  eden space 10240K, 0% used [0x00000000d5580000,0x00000000d5580000,0x00000000d5f80000)
  from space 1536K, 67% used [0x00000000d6100000,0x00000000d6203510,0x00000000d6280000)
  to   space 1536K, 0% used [0x00000000d5f80000,0x00000000d5f80000,0x00000000d6100000)
 ParOldGen       total 68608K, used 43113K [0x0000000080000000, 0x0000000084300000, 0x00000000d5580000)
  object space 68608K, 62% used [0x0000000080000000,0x0000000082a1a7b8,0x0000000084300000)
 Metaspace       used 61962K, committed 63104K, reserved 1114112K
  class space    used 6692K, committed 7168K, reserved 1048576K
}
Event: 4266.124 GC heap before
{Heap before GC invocations=60 (full 3):
 PSYoungGen      total 11776K, used 11271K [0x00000000d5580000, 0x00000000d6280000, 0x0000000100000000)
  eden space 10240K, 99% used [0x00000000d5580000,0x00000000d5f7ea98,0x00000000d5f80000)
  from space 1536K, 67% used [0x00000000d6100000,0x00000000d6203510,0x00000000d6280000)
  to   space 1536K, 0% used [0x00000000d5f80000,0x00000000d5f80000,0x00000000d6100000)
 ParOldGen       total 68608K, used 43113K [0x0000000080000000, 0x0000000084300000, 0x00000000d5580000)
  object space 68608K, 62% used [0x0000000080000000,0x0000000082a1a7b8,0x0000000084300000)
 Metaspace       used 62873K, committed 64064K, reserved 1114112K
  class space    used 6807K, committed 7296K, reserved 1048576K
}
Event: 4266.126 GC heap after
{Heap after GC invocations=60 (full 3):
 PSYoungGen      total 11776K, used 1514K [0x00000000d5580000, 0x00000000d6380000, 0x0000000100000000)
  eden space 10240K, 0% used [0x00000000d5580000,0x00000000d5580000,0x00000000d5f80000)
  from space 1536K, 98% used [0x00000000d5f80000,0x00000000d60fab78,0x00000000d6100000)
  to   space 2048K, 0% used [0x00000000d6180000,0x00000000d6180000,0x00000000d6380000)
 ParOldGen       total 68608K, used 43225K [0x0000000080000000, 0x0000000084300000, 0x00000000d5580000)
  object space 68608K, 63% used [0x0000000080000000,0x0000000082a367b8,0x0000000084300000)
 Metaspace       used 62873K, committed 64064K, reserved 1114112K
  class space    used 6807K, committed 7296K, reserved 1048576K
}
Event: 4400.234 GC heap before
{Heap before GC invocations=61 (full 3):
 PSYoungGen      total 11776K, used 11754K [0x00000000d5580000, 0x00000000d6380000, 0x0000000100000000)
  eden space 10240K, 100% used [0x00000000d5580000,0x00000000d5f80000,0x00000000d5f80000)
  from space 1536K, 98% used [0x00000000d5f80000,0x00000000d60fab78,0x00000000d6100000)
  to   space 2048K, 0% used [0x00000000d6180000,0x00000000d6180000,0x00000000d6380000)
 ParOldGen       total 68608K, used 43225K [0x0000000080000000, 0x0000000084300000, 0x00000000d5580000)
  object space 68608K, 63% used [0x0000000080000000,0x0000000082a367b8,0x0000000084300000)
 Metaspace       used 64082K, committed 65152K, reserved 1114112K
  class space    used 6905K, committed 7360K, reserved 1048576K
}
Event: 4400.249 GC heap after
{Heap after GC invocations=61 (full 3):
 PSYoungGen      total 10752K, used 464K [0x00000000d5580000, 0x00000000d6200000, 0x0000000100000000)
  eden space 10240K, 0% used [0x00000000d5580000,0x00000000d5580000,0x00000000d5f80000)
  from space 512K, 90% used [0x00000000d6180000,0x00000000d61f43f8,0x00000000d6200000)
  to   space 1024K, 0% used [0x00000000d6000000,0x00000000d6000000,0x00000000d6100000)
 ParOldGen       total 68608K, used 44353K [0x0000000080000000, 0x0000000084300000, 0x00000000d5580000)
  object space 68608K, 64% used [0x0000000080000000,0x0000000082b505e8,0x0000000084300000)
 Metaspace       used 64082K, committed 65152K, reserved 1114112K
  class space    used 6905K, committed 7360K, reserved 1048576K
}
Event: 4558.132 GC heap before
{Heap before GC invocations=62 (full 3):
 PSYoungGen      total 10752K, used 10704K [0x00000000d5580000, 0x00000000d6200000, 0x0000000100000000)
  eden space 10240K, 100% used [0x00000000d5580000,0x00000000d5f80000,0x00000000d5f80000)
  from space 512K, 90% used [0x00000000d6180000,0x00000000d61f43f8,0x00000000d6200000)
  to   space 1024K, 0% used [0x00000000d6000000,0x00000000d6000000,0x00000000d6100000)
 ParOldGen       total 68608K, used 44353K [0x0000000080000000, 0x0000000084300000, 0x00000000d5580000)
  object space 68608K, 64% used [0x0000000080000000,0x0000000082b505e8,0x0000000084300000)
 Metaspace       used 64700K, committed 65856K, reserved 1114112K
  class space    used 6950K, committed 7424K, reserved 1048576K
}
Event: 4558.149 GC heap after
{Heap after GC invocations=62 (full 3):
 PSYoungGen      total 11264K, used 672K [0x00000000d5580000, 0x00000000d6200000, 0x0000000100000000)
  eden space 10240K, 0% used [0x00000000d5580000,0x00000000d5580000,0x00000000d5f80000)
  from space 1024K, 65% used [0x00000000d6000000,0x00000000d60a8080,0x00000000d6100000)
  to   space 1024K, 0% used [0x00000000d6100000,0x00000000d6100000,0x00000000d6200000)
 ParOldGen       total 68608K, used 44593K [0x0000000080000000, 0x0000000084300000, 0x00000000d5580000)
  object space 68608K, 64% used [0x0000000080000000,0x0000000082b8c5e0,0x0000000084300000)
 Metaspace       used 64700K, committed 65856K, reserved 1114112K
  class space    used 6950K, committed 7424K, reserved 1048576K
}
Event: 6362.223 GC heap before
{Heap before GC invocations=63 (full 3):
 PSYoungGen      total 11264K, used 10912K [0x00000000d5580000, 0x00000000d6200000, 0x0000000100000000)
  eden space 10240K, 100% used [0x00000000d5580000,0x00000000d5f80000,0x00000000d5f80000)
  from space 1024K, 65% used [0x00000000d6000000,0x00000000d60a8080,0x00000000d6100000)
  to   space 1024K, 0% used [0x00000000d6100000,0x00000000d6100000,0x00000000d6200000)
 ParOldGen       total 68608K, used 44593K [0x0000000080000000, 0x0000000084300000, 0x00000000d5580000)
  object space 68608K, 64% used [0x0000000080000000,0x0000000082b8c5e0,0x0000000084300000)
 Metaspace       used 64942K, committed 66176K, reserved 1114112K
  class space    used 6955K, committed 7488K, reserved 1048576K
}
Event: 6362.257 GC heap after
{Heap after GC invocations=63 (full 3):
 PSYoungGen      total 11264K, used 800K [0x00000000d5580000, 0x00000000d6200000, 0x0000000100000000)
  eden space 10240K, 0% used [0x00000000d5580000,0x00000000d5580000,0x00000000d5f80000)
  from space 1024K, 78% used [0x00000000d6100000,0x00000000d61c8060,0x00000000d6200000)
  to   space 1024K, 0% used [0x00000000d6000000,0x00000000d6000000,0x00000000d6100000)
 ParOldGen       total 68608K, used 44882K [0x0000000080000000, 0x0000000084300000, 0x00000000d5580000)
  object space 68608K, 65% used [0x0000000080000000,0x0000000082bd4b10,0x0000000084300000)
 Metaspace       used 64942K, committed 66176K, reserved 1114112K
  class space    used 6955K, committed 7488K, reserved 1048576K
}
Event: 6611.693 GC heap before
{Heap before GC invocations=64 (full 3):
 PSYoungGen      total 11264K, used 11032K [0x00000000d5580000, 0x00000000d6200000, 0x0000000100000000)
  eden space 10240K, 99% used [0x00000000d5580000,0x00000000d5f7e120,0x00000000d5f80000)
  from space 1024K, 78% used [0x00000000d6100000,0x00000000d61c8060,0x00000000d6200000)
  to   space 1024K, 0% used [0x00000000d6000000,0x00000000d6000000,0x00000000d6100000)
 ParOldGen       total 68608K, used 44882K [0x0000000080000000, 0x0000000084300000, 0x00000000d5580000)
  object space 68608K, 65% used [0x0000000080000000,0x0000000082bd4b10,0x0000000084300000)
 Metaspace       used 65324K, committed 66496K, reserved 1114112K
  class space    used 6977K, committed 7488K, reserved 1048576K
}
Event: 6611.707 GC heap after
{Heap after GC invocations=64 (full 3):
 PSYoungGen      total 11264K, used 704K [0x00000000d5580000, 0x00000000d6180000, 0x0000000100000000)
  eden space 10240K, 0% used [0x00000000d5580000,0x00000000d5580000,0x00000000d5f80000)
  from space 1024K, 68% used [0x00000000d6000000,0x00000000d60b0020,0x00000000d6100000)
  to   space 512K, 0% used [0x00000000d6100000,0x00000000d6100000,0x00000000d6180000)
 ParOldGen       total 68608K, used 45018K [0x0000000080000000, 0x0000000084300000, 0x00000000d5580000)
  object space 68608K, 65% used [0x0000000080000000,0x0000000082bf6b30,0x0000000084300000)
 Metaspace       used 65324K, committed 66496K, reserved 1114112K
  class space    used 6977K, committed 7488K, reserved 1048576K
}
Event: 7132.060 GC heap before
{Heap before GC invocations=65 (full 3):
 PSYoungGen      total 11264K, used 10944K [0x00000000d5580000, 0x00000000d6180000, 0x0000000100000000)
  eden space 10240K, 100% used [0x00000000d5580000,0x00000000d5f80000,0x00000000d5f80000)
  from space 1024K, 68% used [0x00000000d6000000,0x00000000d60b0020,0x00000000d6100000)
  to   space 512K, 0% used [0x00000000d6100000,0x00000000d6100000,0x00000000d6180000)
 ParOldGen       total 68608K, used 45018K [0x0000000080000000, 0x0000000084300000, 0x00000000d5580000)
  object space 68608K, 65% used [0x0000000080000000,0x0000000082bf6b30,0x0000000084300000)
 Metaspace       used 65637K, committed 66816K, reserved 1114112K
  class space    used 6998K, committed 7488K, reserved 1048576K
}
Event: 7132.071 GC heap after
{Heap after GC invocations=65 (full 3):
 PSYoungGen      total 10752K, used 498K [0x00000000d5580000, 0x00000000d6280000, 0x0000000100000000)
  eden space 10240K, 0% used [0x00000000d5580000,0x00000000d5580000,0x00000000d5f80000)
  from space 512K, 97% used [0x00000000d6100000,0x00000000d617c9c8,0x00000000d6180000)
  to   space 1536K, 0% used [0x00000000d5f80000,0x00000000d5f80000,0x00000000d6100000)
 ParOldGen       total 68608K, used 45548K [0x0000000080000000, 0x0000000084300000, 0x00000000d5580000)
  object space 68608K, 66% used [0x0000000080000000,0x0000000082c7b118,0x0000000084300000)
 Metaspace       used 65637K, committed 66816K, reserved 1114112K
  class space    used 6998K, committed 7488K, reserved 1048576K
}
Event: 15673.837 GC heap before
{Heap before GC invocations=66 (full 3):
 PSYoungGen      total 10752K, used 10738K [0x00000000d5580000, 0x00000000d6280000, 0x0000000100000000)
  eden space 10240K, 100% used [0x00000000d5580000,0x00000000d5f80000,0x00000000d5f80000)
  from space 512K, 97% used [0x00000000d6100000,0x00000000d617c9c8,0x00000000d6180000)
  to   space 1536K, 0% used [0x00000000d5f80000,0x00000000d5f80000,0x00000000d6100000)
 ParOldGen       total 68608K, used 45548K [0x0000000080000000, 0x0000000084300000, 0x00000000d5580000)
  object space 68608K, 66% used [0x0000000080000000,0x0000000082c7b118,0x0000000084300000)
 Metaspace       used 65901K, committed 67136K, reserved 1114112K
  class space    used 6998K, committed 7488K, reserved 1048576K
}
Event: 15673.914 GC heap after
{Heap after GC invocations=66 (full 3):
 PSYoungGen      total 10752K, used 352K [0x00000000d5580000, 0x00000000d6180000, 0x0000000100000000)
  eden space 10240K, 0% used [0x00000000d5580000,0x00000000d5580000,0x00000000d5f80000)
  from space 512K, 68% used [0x00000000d5f80000,0x00000000d5fd8020,0x00000000d6000000)
  to   space 1024K, 0% used [0x00000000d6080000,0x00000000d6080000,0x00000000d6180000)
 ParOldGen       total 68608K, used 45938K [0x0000000080000000, 0x0000000084300000, 0x00000000d5580000)
  object space 68608K, 66% used [0x0000000080000000,0x0000000082cdc9f0,0x0000000084300000)
 Metaspace       used 65901K, committed 67136K, reserved 1114112K
  class space    used 6998K, committed 7488K, reserved 1048576K
}
Event: 15919.015 GC heap before
{Heap before GC invocations=67 (full 3):
 PSYoungGen      total 10752K, used 10592K [0x00000000d5580000, 0x00000000d6180000, 0x0000000100000000)
  eden space 10240K, 100% used [0x00000000d5580000,0x00000000d5f80000,0x00000000d5f80000)
  from space 512K, 68% used [0x00000000d5f80000,0x00000000d5fd8020,0x00000000d6000000)
  to   space 1024K, 0% used [0x00000000d6080000,0x00000000d6080000,0x00000000d6180000)
 ParOldGen       total 68608K, used 45938K [0x0000000080000000, 0x0000000084300000, 0x00000000d5580000)
  object space 68608K, 66% used [0x0000000080000000,0x0000000082cdc9f0,0x0000000084300000)
 Metaspace       used 66082K, committed 67328K, reserved 1114112K
  class space    used 7006K, committed 7488K, reserved 1048576K
}
Event: 15919.032 GC heap after
{Heap after GC invocations=67 (full 3):
 PSYoungGen      total 11264K, used 592K [0x00000000d5580000, 0x00000000d6180000, 0x0000000100000000)
  eden space 10240K, 0% used [0x00000000d5580000,0x00000000d5580000,0x00000000d5f80000)
  from space 1024K, 57% used [0x00000000d6080000,0x00000000d6114050,0x00000000d6180000)
  to   space 1024K, 0% used [0x00000000d5f80000,0x00000000d5f80000,0x00000000d6080000)
 ParOldGen       total 68608K, used 46050K [0x0000000080000000, 0x0000000084300000, 0x00000000d5580000)
  object space 68608K, 67% used [0x0000000080000000,0x0000000082cf89f0,0x0000000084300000)
 Metaspace       used 66082K, committed 67328K, reserved 1114112K
  class space    used 7006K, committed 7488K, reserved 1048576K
}

