# JRE version: OpenJDK Runtime Environment Temurin-21.0.9+10 (21.0.9+10) (build 21.0.9+10-LTS)
# Java VM: OpenJDK 64-Bit Server VM Temurin-21.0.9+10 (21.0.9+10-LTS, mixed mode, sharing, tiered, compressed oops, compressed class ptrs, g1 gc, windows-amd64)
GC Precious Log:
 CardTable entry size: 512
 Card Set container configuration: InlinePtr #cards 5 size 8 Array Of Cards #cards 12 size 40 Howl #buckets 4 coarsen threshold 1843 Howl Bitmap #cards 512 size 80 coarsen threshold 460 Card regions per heap region 1 cards per card region 2048
 CPUs: 8 total, 8 available
 Memory: 7599M
 Large Page Support: Disabled
 NUMA Support: Disabled
 Compressed Oops: Enabled (32-bit)
 Heap Region Size: 1M
 Heap Min Capacity: 256M
 Heap Initial Capacity: 256M
 Heap Max Capacity: 512M
 Pre-touch: Disabled
 Parallel Workers: 8
 Concurrent Workers: 2
 Concurrent Refinement Workers: 8
 Periodic GC: Disabled
Heap:
 garbage-first heap   total 262144K, used 121237K [0x00000000e0000000, 0x0000000100000000)
  region size 1024K, 79 young (80896K), 14 survivors (14336K)
 Metaspace       used 68922K, committed 71296K, reserved 393216K
  class space    used 9975K, committed 11136K, reserved 327680K
GC Heap History (20 events):
Event: 0.550 GC heap before
{Heap before GC invocations=0 (full 0):
 garbage-first heap   total 262144K, used 26624K [0x00000000e0000000, 0x0000000100000000)
  region size 1024K, 23 young (23552K), 0 survivors (0K)
 Metaspace       used 3066K, committed 3264K, reserved 393216K
  class space    used 368K, committed 448K, reserved 327680K
}
Event: 0.556 GC heap after
{Heap after GC invocations=1 (full 0):
 garbage-first heap   total 262144K, used 11154K [0x00000000e0000000, 0x0000000100000000)
  region size 1024K, 3 young (3072K), 3 survivors (3072K)
 Metaspace       used 3066K, committed 3264K, reserved 393216K
  class space    used 368K, committed 448K, reserved 327680K
}
Event: 1.013 GC heap before
{Heap before GC invocations=1 (full 0):
 garbage-first heap   total 262144K, used 40850K [0x00000000e0000000, 0x0000000100000000)
  region size 1024K, 31 young (31744K), 3 survivors (3072K)
 Metaspace       used 4652K, committed 4864K, reserved 393216K
  class space    used 592K, committed 704K, reserved 327680K
}
Event: 1.017 GC heap after
{Heap after GC invocations=2 (full 0):
 garbage-first heap   total 262144K, used 16174K [0x00000000e0000000, 0x0000000100000000)
  region size 1024K, 4 young (4096K), 4 survivors (4096K)
 Metaspace       used 4652K, committed 4864K, reserved 393216K
  class space    used 592K, committed 704K, reserved 327680K
}
Event: 3.634 GC heap before
{Heap before GC invocations=2 (full 0):
 garbage-first heap   total 262144K, used 117550K [0x00000000e0000000, 0x0000000100000000)
  region size 1024K, 104 young (106496K), 4 survivors (4096K)
 Metaspace       used 20921K, committed 21504K, reserved 393216K
  class space    used 2973K, committed 3264K, reserved 327680K
}
Event: 3.642 GC heap after
{Heap after GC invocations=3 (full 0):
 garbage-first heap   total 262144K, used 24329K [0x00000000e0000000, 0x0000000100000000)
  region size 1024K, 12 young (12288K), 12 survivors (12288K)
 Metaspace       used 20921K, committed 21504K, reserved 393216K
  class space    used 2973K, committed 3264K, reserved 327680K
}
Event: 5.544 GC heap before
{Heap before GC invocations=4 (full 0):
 garbage-first heap   total 262144K, used 129801K [0x00000000e0000000, 0x0000000100000000)
  region size 1024K, 115 young (117760K), 12 survivors (12288K)
 Metaspace       used 34681K, committed 35968K, reserved 393216K
  class space    used 5026K, committed 5696K, reserved 327680K
}
Event: 5.558 GC heap after
{Heap after GC invocations=5 (full 0):
 garbage-first heap   total 262144K, used 32199K [0x00000000e0000000, 0x0000000100000000)
  region size 1024K, 16 young (16384K), 16 survivors (16384K)
 Metaspace       used 34681K, committed 35968K, reserved 393216K
  class space    used 5026K, committed 5696K, reserved 327680K
}
Event: 5.579 GC heap before
{Heap before GC invocations=5 (full 0):
 garbage-first heap   total 262144K, used 34247K [0x00000000e0000000, 0x0000000100000000)
  region size 1024K, 19 young (19456K), 16 survivors (16384K)
 Metaspace       used 34913K, committed 36288K, reserved 393216K
  class space    used 5066K, committed 5760K, reserved 327680K
}
Event: 5.587 GC heap after
{Heap after GC invocations=6 (full 0):
 garbage-first heap   total 262144K, used 32166K [0x00000000e0000000, 0x0000000100000000)
  region size 1024K, 8 young (8192K), 8 survivors (8192K)
 Metaspace       used 34913K, committed 36288K, reserved 393216K
  class space    used 5066K, committed 5760K, reserved 327680K
}
Event: 5.606 GC heap before
{Heap before GC invocations=6 (full 0):
 garbage-first heap   total 262144K, used 34214K [0x00000000e0000000, 0x0000000100000000)
  region size 1024K, 11 young (11264K), 8 survivors (8192K)
 Metaspace       used 35222K, committed 36608K, reserved 393216K
  class space    used 5108K, committed 5824K, reserved 327680K
}
Event: 5.611 GC heap after
{Heap after GC invocations=7 (full 0):
 garbage-first heap   total 262144K, used 32396K [0x00000000e0000000, 0x0000000100000000)
  region size 1024K, 9 young (9216K), 9 survivors (9216K)
 Metaspace       used 35222K, committed 36608K, reserved 393216K
  class space    used 5108K, committed 5824K, reserved 327680K
}
Event: 7.885 GC heap before
{Heap before GC invocations=8 (full 0):
 garbage-first heap   total 262144K, used 178828K [0x00000000e0000000, 0x0000000100000000)
  region size 1024K, 153 young (156672K), 9 survivors (9216K)
 Metaspace       used 51020K, committed 52992K, reserved 393216K
  class space    used 7464K, committed 8448K, reserved 327680K
}
Event: 7.899 GC heap after
{Heap after GC invocations=9 (full 0):
 garbage-first heap   total 262144K, used 42766K [0x00000000e0000000, 0x0000000100000000)
  region size 1024K, 19 young (19456K), 19 survivors (19456K)
 Metaspace       used 51020K, committed 52992K, reserved 393216K
  class space    used 7464K, committed 8448K, reserved 327680K
}
Event: 9.344 GC heap before
{Heap before GC invocations=9 (full 0):
 garbage-first heap   total 262144K, used 137998K [0x00000000e0000000, 0x0000000100000000)
  region size 1024K, 113 young (115712K), 19 survivors (19456K)
 Metaspace       used 59131K, committed 61248K, reserved 393216K
  class space    used 8769K, committed 9792K, reserved 327680K
}
Event: 9.370 GC heap after
{Heap after GC invocations=10 (full 0):
 garbage-first heap   total 262144K, used 48980K [0x00000000e0000000, 0x0000000100000000)
  region size 1024K, 7 young (7168K), 7 survivors (7168K)
 Metaspace       used 59131K, committed 61248K, reserved 393216K
  class space    used 8769K, committed 9792K, reserved 327680K
}
Event: 9.388 GC heap before
{Heap before GC invocations=10 (full 0):
 garbage-first heap   total 262144K, used 51028K [0x00000000e0000000, 0x0000000100000000)
  region size 1024K, 10 young (10240K), 7 survivors (7168K)
 Metaspace       used 59425K, committed 61568K, reserved 393216K
  class space    used 8806K, committed 9856K, reserved 327680K
}
Event: 9.398 GC heap after
{Heap after GC invocations=11 (full 0):
 garbage-first heap   total 262144K, used 48783K [0x00000000e0000000, 0x0000000100000000)
  region size 1024K, 7 young (7168K), 7 survivors (7168K)
 Metaspace       used 59425K, committed 61568K, reserved 393216K
  class space    used 8806K, committed 9856K, reserved 327680K
}
Event: 11.921 GC heap before
{Heap before GC invocations=12 (full 0):
 garbage-first heap   total 262144K, used 198287K [0x00000000e0000000, 0x0000000100000000)
  region size 1024K, 153 young (156672K), 7 survivors (7168K)
 Metaspace       used 67315K, committed 69632K, reserved 393216K
  class space    used 9787K, committed 10944K, reserved 327680K
}
Event: 11.930 GC heap after
{Heap after GC invocations=13 (full 0):
 garbage-first heap   total 262144K, used 55701K [0x00000000e0000000, 0x0000000100000000)
  region size 1024K, 14 young (14336K), 14 survivors (14336K)
 Metaspace       used 67315K, committed 69632K, reserved 393216K
  class space    used 9787K, committed 10944K, reserved 327680K
}

